2023-09-18 11:50:50 INFO  {"reqObject":{"method":"POST","path":"/user/register","param":{},"body":{"first_name":"John","last_name":"Doe","email":"someemail@mail.com","password":"Pass@123"}},"resObject":{"statusCode":200}} 
2023-09-18 11:52:03 INFO  {"reqObject":{"method":"POST","path":"/user/register","param":{},"body":{"first_name":"John","last_name":"Doe","email":"someemail@mail.com","password":"Pass@123"}},"resObject":{"statusCode":200}} 
2023-09-18 12:01:29 INFO  {"reqObject":{"method":"POST","path":"/user/register","param":{},"body":{"first_name":"John","last_name":"Doe","email":"someemail@mail.com","password":"Pass@123"}},"resObject":{"statusCode":200}} 
2023-09-18 12:03:14 INFO  {"reqObject":{"method":"POST","path":"/user/register","param":{},"body":{"first_name":"John","last_name":"Doe","email":"someemail@mail.com","password":"Pass@123"}},"resObject":{"statusCode":200}} 
2023-09-18 12:08:13 INFO  {"reqObject":{"method":"POST","path":"/user/register","param":{},"body":{"first_name":"John","last_name":"Doe","email":"someemail@mail.com","password":"Pass@123"}},"resObject":{"statusCode":200}} 
2023-09-18 12:16:27 INFO  {"reqObject":{"method":"POST","path":"/user/register","param":{},"body":{"first_name":"John","last_name":"Doe","email":"someemail@mail.com","password":"Pass@123"}},"resObject":{"statusCode":200}} 
2023-09-18 12:17:04 INFO  {"reqObject":{"method":"POST","path":"/user/register","param":{},"body":{"first_name":"John","last_name":"Doe","email":"someemail@mail.com","password":"Pass@123"}},"resObject":{"statusCode":200}} 
2023-09-18 12:21:10 INFO  {"reqObject":{"method":"POST","path":"/user/register","param":{},"body":{"first_name":"John","last_name":"Doe","email":"someemail@mail.com","password":"Pass@123"}},"resObject":{"statusCode":200}} 
2023-09-18 12:21:21 INFO  {"reqObject":{"method":"POST","path":"/user/register","param":{},"body":{"first_name":"John","last_name":"Doe","email":"someemail@mail.com","password":"Pass@123"}},"resObject":{"statusCode":200}} 
2023-09-18 12:23:26 INFO  {"reqObject":{"method":"POST","path":"/user/register","param":{},"body":{"first_name":"John","last_name":"Doe","email":"someemail@mail.com","password":"Pass@123"}},"resObject":{"statusCode":200}} 
2023-09-18 12:23:43 INFO  {"reqObject":{"method":"POST","path":"/user/register","param":{},"body":{"first_name":"John","last_name":"Doe","email":"someemail@mail.com","password":"Pass@123"}},"resObject":{"statusCode":200}} 
2023-09-18 12:24:47 INFO  {"reqObject":{"method":"POST","path":"/user/register","param":{},"body":{"first_name":"John","last_name":"Doe","email":"someemail@mail.com","password":"Pass@123"}},"resObject":{"statusCode":200}} 
2023-09-18 12:25:07 INFO  {"reqObject":{"method":"POST","path":"/user/register","param":{},"body":{"first_name":"John","last_name":"Doe","email":"someemail@mail.com","password":"Pass@123"}},"resObject":{"statusCode":200}} 
2023-09-18 12:25:40 INFO  {"reqObject":{"method":"POST","path":"/user/register","param":{},"body":{"first_name":"John","last_name":"Doe","email":"someemail@mail.com","password":"Pass@123"}},"resObject":{"statusCode":200}} 
2023-09-18 12:25:48 INFO  {"reqObject":{"method":"POST","path":"/user/register","param":{},"body":{"first_name":"John","last_name":"Doe","email":"someemail1@mail.com","password":"Pass@123"}},"resObject":{"statusCode":200}} 
2023-09-18 12:26:19 INFO  {"reqObject":{"method":"POST","path":"/user/register","param":{},"body":{"first_name":"John","last_name":"Doe","email":"someemail2@mail.com","password":"Pass@123"}},"resObject":{"statusCode":200}} 
2023-09-18 12:27:21 INFO  {"reqObject":{"method":"POST","path":"/user/register","param":{},"body":{"first_name":"John","last_name":"Doe","email":"someemail3@mail.com","password":"Pass@123"}},"resObject":{"statusCode":200}} 
2023-09-18 12:27:40 INFO  {"reqObject":{"method":"GET","path":"/user/verify-email/$2a$10$ivCXa2ZC0X28fIUFDdPzhO8Ia4s5ODBujmGlR/rUuFK95fa/.y546/someemail3@mail.com","param":{},"body":{}},"resObject":{"statusCode":200}} 
2023-09-18 12:31:44 INFO  {"reqObject":{"method":"POST","path":"/user/register","param":{},"body":{"first_name":"John","last_name":"Doe","email":"someemail@mail.com","password":"Pass@123"}},"resObject":{"statusCode":200}} 
2023-09-18 12:31:49 INFO  {"reqObject":{"method":"GET","path":"/user/verify-email/","param":{},"body":{}},"resObject":{"statusCode":200}} 
2023-09-18 12:33:42 INFO  {"reqObject":{"method":"GET","path":"/user/verify-email/","param":{},"body":{}},"resObject":{"statusCode":200}} 
2023-09-18 12:33:42 INFO  {"reqObject":{"method":"GET","path":"/favicon.ico","param":{},"body":{}},"resObject":{"statusCode":200}} 
2023-09-18 12:33:54 INFO  {"reqObject":{"method":"GET","path":"/user/verify-email/","param":{},"body":{}},"resObject":{"statusCode":200}} 
2023-09-18 12:33:58 INFO  {"reqObject":{"method":"GET","path":"/user/verify-email/","param":{},"body":{}},"resObject":{"statusCode":200}} 
2023-09-18 12:34:03 INFO  {"reqObject":{"method":"GET","path":"/user/verify-email/","param":{},"body":{}},"resObject":{"statusCode":200}} 
2023-09-18 12:34:03 INFO  {"reqObject":{"method":"GET","path":"/favicon.ico","param":{},"body":{}},"resObject":{"statusCode":200}} 
2023-09-18 12:34:08 INFO  {"reqObject":{"method":"GET","path":"/user/verify-email/","param":{},"body":{}},"resObject":{"statusCode":200}} 
2023-09-18 12:34:26 INFO  {"reqObject":{"method":"GET","path":"/user/verify-email/","param":{},"body":{}},"resObject":{"statusCode":200}} 
2023-09-18 12:34:26 INFO  {"reqObject":{"method":"GET","path":"/favicon.ico","param":{},"body":{}},"resObject":{"statusCode":200}} 
2023-09-18 12:49:49 INFO  {"reqObject":{"method":"GET","path":"/user/verify-email/","param":{},"body":{}},"resObject":{"statusCode":200}} 
2023-09-18 12:49:49 INFO  {"reqObject":{"method":"GET","path":"/favicon.ico","param":{},"body":{}},"resObject":{"statusCode":200}} 
2023-09-18 12:55:21 INFO  {"reqObject":{"method":"GET","path":"/favicon.ico","param":{},"body":{}},"resObject":{"statusCode":200}} 
2023-09-18 12:55:22 INFO  {"reqObject":{"method":"GET","path":"/user/verify-email/","param":{},"body":{}},"resObject":{"statusCode":200}} 
2023-09-18 12:55:22 INFO  {"reqObject":{"method":"GET","path":"/favicon.ico","param":{},"body":{}},"resObject":{"statusCode":200}} 
2023-09-18 12:55:28 INFO  {"reqObject":{"method":"GET","path":"/user/verify-email/","param":{},"body":{}},"resObject":{"statusCode":200}} 
2023-09-18 12:55:51 INFO  {"reqObject":{"method":"GET","path":"/user/verify-email/","param":{},"body":{}},"resObject":{"statusCode":200}} 
2023-09-18 12:58:43 INFO  {"reqObject":{"method":"GET","path":"/user/verify-email/","param":{},"body":{}},"resObject":{"statusCode":200}} 
2023-09-18 12:58:43 INFO  {"reqObject":{"method":"GET","path":"/favicon.ico","param":{},"body":{}},"resObject":{"statusCode":200}} 
2023-09-18 13:01:39 INFO  {"reqObject":{"method":"GET","path":"/user/verify-email/","param":{},"body":{}},"resObject":{"statusCode":200}} 
2023-09-18 13:01:39 INFO  {"reqObject":{"method":"GET","path":"/favicon.ico","param":{},"body":{}},"resObject":{"statusCode":200}} 
2023-09-18 13:01:55 INFO  {"reqObject":{"method":"GET","path":"/user/verify-email/","param":{},"body":{}},"resObject":{"statusCode":200}} 
2023-09-18 13:01:55 INFO  {"reqObject":{"method":"GET","path":"/favicon.ico","param":{},"body":{}},"resObject":{"statusCode":200}} 
2023-09-18 15:43:54 INFO  {"reqObject":{"method":"POST","path":"/user/login","param":{},"body":{"email":"someemail@mail.com","password":"Pass@123"}},"resObject":{"statusCode":200}} 
2023-09-18 15:46:23 INFO  {"reqObject":{"method":"POST","path":"/user/login","param":{},"body":{"email":"someemail@mail.com","password":"Pass@123"}},"resObject":{"statusCode":200}} 
2023-09-18 15:46:47 INFO  {"reqObject":{"method":"POST","path":"/user/login","param":{},"body":{"email":"someemail@mail.com","password":"Pass@123"}},"resObject":{"statusCode":200}} 
2023-09-18 15:47:04 INFO  {"reqObject":{"method":"POST","path":"/user/login","param":{},"body":{"email":"someemail@mail.com","password":"Pass@123"}},"resObject":{"statusCode":200}} 
2023-09-18 15:48:11 INFO  {"reqObject":{"method":"POST","path":"/user/login","param":{},"body":{"email":"someemail@mail.com","password":"Pass@123"}},"resObject":{"statusCode":200}} 
2023-09-18 15:48:55 INFO  {"reqObject":{"method":"POST","path":"/user/login","param":{},"body":{"email":"someemail@mail.com","password":"Pass@123"}},"resObject":{"statusCode":200}} 
2023-09-18 15:49:35 INFO  {"reqObject":{"method":"POST","path":"/user/login","param":{},"body":{"email":"someemail@mail.com","password":"Pass@123"}},"resObject":{"statusCode":200}} 
2023-09-18 15:50:02 INFO  {"reqObject":{"method":"POST","path":"/user/login","param":{},"body":{"email":"someemail@mail.com","password":"Pass@123"}},"resObject":{"statusCode":200}} 
2023-09-18 15:50:29 INFO  {"reqObject":{"method":"POST","path":"/user/login","param":{},"body":{"email":"someemail@mail.com","password":"Pass@123"}},"resObject":{"statusCode":200}} 
2023-09-18 15:50:48 INFO  {"reqObject":{"method":"POST","path":"/user/login","param":{},"body":{"email":"someemail@mail.com","password":"Pass@123"}},"resObject":{"statusCode":200}} 
2023-09-18 15:51:17 INFO  {"reqObject":{"method":"POST","path":"/user/login","param":{},"body":{"email":"someemail@mail.com","password":"Pass@123"}},"resObject":{"statusCode":200}} 
2023-09-18 15:51:44 INFO  {"reqObject":{"method":"POST","path":"/user/login","param":{},"body":{"email":"someemail@mail.com","password":"Pass@123"}},"resObject":{"statusCode":200}} 
2023-09-18 15:52:33 INFO  {"reqObject":{"method":"POST","path":"/user/login","param":{},"body":{"email":"someemail@mail.com","password":"Pass@123"}},"resObject":{"statusCode":200}} 
2023-09-18 15:52:35 INFO  {"reqObject":{"method":"POST","path":"/user/login","param":{},"body":{"email":"someemail@mail.com","password":"Pass@123"}},"resObject":{"statusCode":200}} 
2023-09-18 15:54:38 INFO  {"reqObject":{"method":"POST","path":"/user/login","param":{},"body":{"email":"someemail@mail.com","password":"Pass@123"}},"resObject":{"statusCode":200}} 
2023-09-18 15:55:01 INFO  {"reqObject":{"method":"POST","path":"/user/login","param":{},"body":{"email":"someemail@mail.com","password":"Pass@123"}},"resObject":{"statusCode":200}} 
2023-09-18 15:55:43 INFO  {"reqObject":{"method":"POST","path":"/user/login","param":{},"body":{"email":"someemail@mail.com","password":"Pass@123"}},"resObject":{"statusCode":200}} 
2023-09-18 15:56:54 INFO  {"reqObject":{"method":"POST","path":"/user/login","param":{},"body":{"email":"someemail@mail.com","password":"Pass@123"}},"resObject":{"statusCode":200}} 
2023-09-18 15:57:35 INFO  {"reqObject":{"method":"POST","path":"/user/login","param":{},"body":{"email":"someemail@mail.com","password":"Pass@123"}},"resObject":{"statusCode":200}} 
2023-09-18 15:57:52 INFO  {"reqObject":{"method":"POST","path":"/user/login","param":{},"body":{"email":"someemail@mail.com","password":"Pass@123"}},"resObject":{"statusCode":200}} 
2023-09-18 15:59:27 INFO  {"reqObject":{"method":"POST","path":"/user/login","param":{},"body":{"email":"someemail@mail.com","password":"Pass@123"}},"resObject":{"statusCode":200}} 
2023-09-18 15:59:42 INFO  {"reqObject":{"method":"POST","path":"/user/login","param":{},"body":{"email":"someemail@mail.com","password":"Pass@123"}},"resObject":{"statusCode":200}} 
2023-09-18 16:00:32 INFO  {"reqObject":{"method":"POST","path":"/user/login","param":{},"body":{"email":"someemail@mail.com","password":"Pass@123"}},"resObject":{"statusCode":200}} 
2023-09-18 16:00:57 INFO  {"reqObject":{"method":"POST","path":"/user/login","param":{},"body":{"email":"someemail@mail.com","password":"Pass@123"}},"resObject":{"statusCode":200}} 
2023-09-18 16:05:35 INFO  {"reqObject":{"method":"POST","path":"/user/login","param":{},"body":{"email":"someemail@mail.com","password":"Pass@123"}},"resObject":{"statusCode":200}} 
2023-09-18 16:05:38 INFO  {"reqObject":{"method":"POST","path":"/user/login","param":{},"body":{"password":"Pass@123"}},"resObject":{"statusCode":200}} 
2023-09-18 16:05:46 INFO  {"reqObject":{"method":"POST","path":"/user/login","param":{},"body":{"email":"someemail@mail.com"}},"resObject":{"statusCode":200}} 
2023-09-18 16:20:07 INFO  {"reqObject":{"method":"POST","path":"/user/register","param":{},"body":{"first_name":"John","last_name":"Doe","email":"someemail1@mail.com","password":"Pass@123"}},"resObject":{"statusCode":200}} 
2023-09-18 16:20:28 INFO  {"reqObject":{"method":"POST","path":"/user/register","param":{},"body":{"first_name":"John","last_name":"Doe","email":"someemail1@mail.com","password":"Pass@123"}},"resObject":{"statusCode":200}} 
2023-09-18 16:21:31 INFO  {"reqObject":{"method":"POST","path":"/user/register","param":{},"body":{"first_name":"John","last_name":"Doe","email":"someemail1@mail.com","password":"Pass@123"}},"resObject":{"statusCode":200}} 
2023-09-18 16:21:53 INFO  {"reqObject":{"method":"POST","path":"/user/register","param":{},"body":{"first_name":"John","last_name":"Doe","email":"someemail1@mail.com","password":"Pass@123"}},"resObject":{"statusCode":200}} 
2023-09-18 16:22:30 INFO  {"reqObject":{"method":"POST","path":"/user/register","param":{},"body":{"first_name":"John","last_name":"Doe","email":"someemail1@mail.com","password":"Pass@123"}},"resObject":{"statusCode":200}} 
2023-09-18 16:22:50 INFO  {"reqObject":{"method":"POST","path":"/user/register","param":{},"body":{"first_name":"John","last_name":"Doe","email":"someemail1@mail.com","password":"Pass@123"}},"resObject":{"statusCode":200}} 
2023-09-18 16:24:33 INFO  {"reqObject":{"method":"POST","path":"/user/register","param":{},"body":{"first_name":"John","last_name":"Doe","email":"someemail1@mail.com","password":"Pass@123"}},"resObject":{"statusCode":200}} 
2023-09-18 16:25:24 INFO  {"reqObject":{"method":"POST","path":"/user/register","param":{},"body":{"first_name":"John","last_name":"Doe","email":"someemail1@mail.com","password":"Pass@123"}},"resObject":{"statusCode":200}} 
2023-09-18 16:26:02 INFO  {"reqObject":{"method":"POST","path":"/user/register","param":{},"body":{"first_name":"John","last_name":"Doe","email":"someemail1@mail.com","password":"Pass@123"}},"resObject":{"statusCode":200}} 
2023-09-18 16:26:08 INFO  {"reqObject":{"method":"POST","path":"/user/register","param":{},"body":{"first_name":"John","last_name":"Doe","email":"someemail1@mail.com","password":"Pass@123"}},"resObject":{"statusCode":200}} 
2023-09-18 16:26:48 INFO  {"reqObject":{"method":"POST","path":"/user/register","param":{},"body":{"first_name":"John","last_name":"Doe","email":"someemail1@mail.com","password":"Pass@123"}},"resObject":{"statusCode":200}} 
2023-09-18 16:26:58 INFO  {"reqObject":{"method":"POST","path":"/user/register","param":{},"body":{"first_name":"John","last_name":"Doe","email":"someemail@mail.com","password":"Pass@123"}},"resObject":{"statusCode":200}} 
2023-09-18 16:27:53 INFO  {"reqObject":{"method":"POST","path":"/user/register","param":{},"body":{"first_name":"John","last_name":"Doe","email":"someemail@mail.com","password":"Pass@123"}},"resObject":{"statusCode":200}} 
2023-09-18 16:28:31 INFO  {"reqObject":{"method":"POST","path":"/user/register","param":{},"body":{"first_name":"John","last_name":"Doe","email":"someemail@mail.com","password":"Pass@123"}},"resObject":{"statusCode":200}} 
2023-09-18 16:29:07 INFO  {"reqObject":{"method":"POST","path":"/user/register","param":{},"body":{"first_name":"John","last_name":"Doe","email":"someemail@mail.com","password":"Pass@123"}},"resObject":{"statusCode":200}} 
2023-09-18 16:29:25 INFO  {"reqObject":{"method":"POST","path":"/user/register","param":{},"body":{"first_name":"John","last_name":"Doe","email":"someemail@mail.com","password":"Pass@123"}},"resObject":{"statusCode":200}} 
2023-09-18 16:30:05 INFO  {"reqObject":{"method":"POST","path":"/user/register","param":{},"body":{"first_name":"John","last_name":"Doe","email":"someemail@mail.com","password":"Pass@123"}},"resObject":{"statusCode":200}} 
2023-09-18 16:30:09 INFO  {"reqObject":{"method":"POST","path":"/user/register","param":{},"body":{"first_name":"John","last_name":"Doe","email":"someemail1@mail.com","password":"Pass@123"}},"resObject":{"statusCode":200}} 
2023-09-18 16:32:08 INFO  {"reqObject":{"method":"POST","path":"/user/register","param":{},"body":{"first_name":"John","last_name":"Doe","email":"someemail2@mail.com","password":"Pass@123"}},"resObject":{"statusCode":200}} 
2023-09-18 16:32:29 INFO  {"reqObject":{"method":"GET","path":"/user/verify-email","param":{},"body":{}},"resObject":{"statusCode":200}} 
2023-09-18 16:32:29 INFO  {"reqObject":{"method":"GET","path":"/favicon.ico","param":{},"body":{}},"resObject":{"statusCode":200}} 
2023-09-18 16:32:30 INFO  {"reqObject":{"method":"GET","path":"/user/verify-email","param":{},"body":{}},"resObject":{"statusCode":200}} 
2023-09-18 16:32:30 INFO  {"reqObject":{"method":"GET","path":"/favicon.ico","param":{},"body":{}},"resObject":{"statusCode":200}} 
2023-09-18 16:32:42 INFO  {"reqObject":{"method":"POST","path":"/user/login","param":{},"body":{"email":"someemail2@mail.com","password":"Pass@123"}},"resObject":{"statusCode":200}} 
