2023-09-05 10:54:14 INFO  {"reqObject":{"method":"GET","path":"/","param":{},"body":{}},"resObject":{"statusCode":200}} 
2023-09-05 10:54:14 INFO  {"reqObject":{"method":"GET","path":"/favicon.ico","param":{},"body":{}},"resObject":{"statusCode":200}} 
2023-09-05 10:55:04 INFO  {"reqObject":{"method":"GET","path":"/user","param":{},"body":{}},"resObject":{"statusCode":200}} 
2023-09-05 10:55:16 INFO  {"reqObject":{"method":"GET","path":"/user","param":{},"body":{}},"resObject":{"statusCode":200}} 
2023-09-05 10:55:16 INFO  {"reqObject":{"method":"GET","path":"/favicon.ico","param":{},"body":{}},"resObject":{"statusCode":200}} 
2023-09-05 11:01:24 INFO  {"reqObject":{"method":"GET","path":"/favicon.ico","param":{},"body":{}},"resObject":{"statusCode":200}} 
2023-09-05 11:01:26 INFO  {"reqObject":{"method":"GET","path":"/favicon.ico","param":{},"body":{}},"resObject":{"statusCode":200}} 
2023-09-05 11:01:27 INFO  {"reqObject":{"method":"GET","path":"/favicon.ico","param":{},"body":{}},"resObject":{"statusCode":200}} 
2023-09-05 11:01:28 INFO  {"reqObject":{"method":"GET","path":"/favicon.ico","param":{},"body":{}},"resObject":{"statusCode":200}} 
2023-09-05 11:01:44 INFO  {"reqObject":{"method":"GET","path":"/favicon.ico","param":{},"body":{}},"resObject":{"statusCode":200}} 
2023-09-05 11:01:44 INFO  {"reqObject":{"method":"GET","path":"/favicon.ico","param":{},"body":{}},"resObject":{"statusCode":200}} 
2023-09-05 11:02:21 INFO  {"reqObject":{"method":"GET","path":"/user","param":{},"body":{}},"resObject":{"statusCode":200}} 
2023-09-05 11:02:21 INFO  {"reqObject":{"method":"GET","path":"/favicon.ico","param":{},"body":{}},"resObject":{"statusCode":200}} 
2023-09-05 11:02:22 INFO  {"reqObject":{"method":"GET","path":"/","param":{},"body":{}},"resObject":{"statusCode":200}} 
2023-09-05 11:02:22 INFO  {"reqObject":{"method":"GET","path":"/favicon.ico","param":{},"body":{}},"resObject":{"statusCode":200}} 
2023-09-05 11:02:23 INFO  {"reqObject":{"method":"GET","path":"/","param":{},"body":{}},"resObject":{"statusCode":200}} 
2023-09-05 11:02:23 INFO  {"reqObject":{"method":"GET","path":"/favicon.ico","param":{},"body":{}},"resObject":{"statusCode":200}} 
2023-09-05 11:02:24 INFO  {"reqObject":{"method":"GET","path":"/user","param":{},"body":{}},"resObject":{"statusCode":200}} 
2023-09-05 11:02:24 INFO  {"reqObject":{"method":"GET","path":"/favicon.ico","param":{},"body":{}},"resObject":{"statusCode":200}} 
2023-09-05 11:02:25 INFO  {"reqObject":{"method":"GET","path":"/user","param":{},"body":{}},"resObject":{"statusCode":200}} 
2023-09-05 11:02:25 INFO  {"reqObject":{"method":"GET","path":"/favicon.ico","param":{},"body":{}},"resObject":{"statusCode":200}} 
2023-09-05 11:02:25 INFO  {"reqObject":{"method":"GET","path":"/user","param":{},"body":{}},"resObject":{"statusCode":200}} 
2023-09-05 11:02:25 INFO  {"reqObject":{"method":"GET","path":"/favicon.ico","param":{},"body":{}},"resObject":{"statusCode":200}} 
2023-09-05 11:02:25 INFO  {"reqObject":{"method":"GET","path":"/user","param":{},"body":{}},"resObject":{"statusCode":200}} 
2023-09-05 11:02:25 INFO  {"reqObject":{"method":"GET","path":"/favicon.ico","param":{},"body":{}},"resObject":{"statusCode":200}} 
2023-09-05 11:02:27 INFO  {"reqObject":{"method":"GET","path":"/","param":{},"body":{}},"resObject":{"statusCode":200}} 
2023-09-05 11:02:27 INFO  {"reqObject":{"method":"GET","path":"/favicon.ico","param":{},"body":{}},"resObject":{"statusCode":200}} 
2023-09-05 11:02:27 INFO  {"reqObject":{"method":"GET","path":"/","param":{},"body":{}},"resObject":{"statusCode":200}} 
2023-09-05 11:02:27 INFO  {"reqObject":{"method":"GET","path":"/favicon.ico","param":{},"body":{}},"resObject":{"statusCode":200}} 
2023-09-05 11:27:33 INFO  {"reqObject":{"method":"GET","path":"/","param":{},"body":{}},"resObject":{"statusCode":200}} 
2023-09-05 11:27:33 INFO  {"reqObject":{"method":"GET","path":"/favicon.ico","param":{},"body":{}},"resObject":{"statusCode":200}} 
2023-09-05 14:10:27 INFO  {"reqObject":{"method":"GET","path":"/","param":{},"body":{}},"resObject":{"statusCode":200}} 
2023-09-05 14:10:27 INFO  {"reqObject":{"method":"GET","path":"/favicon.ico","param":{},"body":{}},"resObject":{"statusCode":200}} 
2023-09-05 16:55:27 INFO  {"reqObject":{"method":"GET","path":"/","param":{},"body":{}},"resObject":{"statusCode":200}} 
2023-09-05 16:55:27 INFO  {"reqObject":{"method":"GET","path":"/favicon.ico","param":{},"body":{}},"resObject":{"statusCode":200}} 
2023-09-05 17:01:40 INFO  {"reqObject":{"method":"GET","path":"/","param":{},"body":{}},"resObject":{"statusCode":200}} 
2023-09-05 17:01:40 INFO  {"reqObject":{"method":"GET","path":"/favicon.ico","param":{},"body":{}},"resObject":{"statusCode":200}} 
2023-09-05 17:01:56 INFO  {"reqObject":{"method":"GET","path":"/","param":{},"body":{}},"resObject":{"statusCode":200}} 
2023-09-05 17:01:56 INFO  {"reqObject":{"method":"GET","path":"/favicon.ico","param":{},"body":{}},"resObject":{"statusCode":200}} 
2023-09-05 17:02:11 INFO  {"reqObject":{"method":"GET","path":"/","param":{},"body":{}},"resObject":{"statusCode":200}} 
2023-09-05 17:02:11 INFO  {"reqObject":{"method":"GET","path":"/favicon.ico","param":{},"body":{}},"resObject":{"statusCode":200}} 
2023-09-05 17:02:26 INFO  {"reqObject":{"method":"GET","path":"/","param":{},"body":{}},"resObject":{"statusCode":200}} 
2023-09-05 17:04:09 INFO  {"reqObject":{"method":"GET","path":"/","param":{},"body":{}},"resObject":{"statusCode":200}} 
2023-09-05 17:04:20 INFO  {"reqObject":{"method":"GET","path":"/","param":{},"body":{}},"resObject":{"statusCode":200}} 
2023-09-05 17:05:21 INFO  {"reqObject":{"method":"GET","path":"/","param":{},"body":{}},"resObject":{"statusCode":200}} 
2023-09-05 17:06:14 INFO  {"reqObject":{"method":"GET","path":"/","param":{},"body":{}},"resObject":{"statusCode":200}} 
2023-09-05 17:06:26 INFO  {"reqObject":{"method":"GET","path":"/","param":{},"body":{}},"resObject":{"statusCode":200}} 
2023-09-05 17:06:27 INFO  {"reqObject":{"method":"GET","path":"/","param":{},"body":{}},"resObject":{"statusCode":200}} 
2023-09-05 17:06:27 INFO  {"reqObject":{"method":"GET","path":"/","param":{},"body":{}},"resObject":{"statusCode":200}} 
2023-09-05 17:06:27 INFO  {"reqObject":{"method":"GET","path":"/","param":{},"body":{}},"resObject":{"statusCode":200}} 
2023-09-05 17:06:27 INFO  {"reqObject":{"method":"GET","path":"/","param":{},"body":{}},"resObject":{"statusCode":200}} 
2023-09-05 17:06:27 INFO  {"reqObject":{"method":"GET","path":"/","param":{},"body":{}},"resObject":{"statusCode":200}} 
2023-09-05 17:07:49 INFO  {"reqObject":{"method":"GET","path":"/","param":{},"body":{}},"resObject":{"statusCode":200}} 
2023-09-05 17:08:48 INFO  {"reqObject":{"method":"GET","path":"/","param":{},"body":{}},"resObject":{"statusCode":200}} 
2023-09-05 17:08:50 INFO  {"reqObject":{"method":"GET","path":"/","param":{},"body":{}},"resObject":{"statusCode":200}} 
2023-09-05 17:08:50 INFO  {"reqObject":{"method":"GET","path":"/","param":{},"body":{}},"resObject":{"statusCode":200}} 
2023-09-05 17:09:09 INFO  {"reqObject":{"method":"GET","path":"/","param":{},"body":{}},"resObject":{"statusCode":200}} 
2023-09-05 17:13:40 INFO  {"reqObject":{"method":"GET","path":"/","param":{},"body":{}},"resObject":{"statusCode":200}} 
2023-09-05 17:13:40 INFO  {"reqObject":{"method":"GET","path":"/","param":{},"body":{}},"resObject":{"statusCode":200}} 
2023-09-05 17:13:41 INFO  {"reqObject":{"method":"GET","path":"/","param":{},"body":{}},"resObject":{"statusCode":200}} 
2023-09-05 17:14:48 INFO  {"reqObject":{"method":"GET","path":"/","param":{},"body":{}},"resObject":{"statusCode":200}} 
2023-09-05 17:14:49 INFO  {"reqObject":{"method":"GET","path":"/","param":{},"body":{}},"resObject":{"statusCode":200}} 
2023-09-05 17:14:49 INFO  {"reqObject":{"method":"GET","path":"/","param":{},"body":{}},"resObject":{"statusCode":200}} 
2023-09-05 17:17:48 INFO  {"reqObject":{"method":"GET","path":"/","param":{},"body":{}},"resObject":{"statusCode":200}} 
2023-09-05 17:17:49 INFO  {"reqObject":{"method":"GET","path":"/","param":{},"body":{}},"resObject":{"statusCode":200}} 
2023-09-05 17:17:49 INFO  {"reqObject":{"method":"GET","path":"/","param":{},"body":{}},"resObject":{"statusCode":200}} 
2023-09-05 17:17:49 INFO  {"reqObject":{"method":"GET","path":"/","param":{},"body":{}},"resObject":{"statusCode":200}} 
2023-09-05 17:17:49 INFO  {"reqObject":{"method":"GET","path":"/","param":{},"body":{}},"resObject":{"statusCode":200}} 
2023-09-05 17:18:32 INFO  {"reqObject":{"method":"GET","path":"/","param":{},"body":{}},"resObject":{"statusCode":200}} 
2023-09-05 17:19:06 INFO  {"reqObject":{"method":"GET","path":"/","param":{},"body":{}},"resObject":{"statusCode":200}} 
2023-09-05 17:21:47 INFO  {"reqObject":{"method":"GET","path":"/","param":{},"body":{}},"resObject":{"statusCode":200}} 
2023-09-05 17:21:48 INFO  {"reqObject":{"method":"GET","path":"/","param":{},"body":{}},"resObject":{"statusCode":200}} 
2023-09-05 17:21:48 INFO  {"reqObject":{"method":"GET","path":"/","param":{},"body":{}},"resObject":{"statusCode":200}} 
2023-09-05 17:21:48 INFO  {"reqObject":{"method":"GET","path":"/","param":{},"body":{}},"resObject":{"statusCode":200}} 
2023-09-05 17:21:48 INFO  {"reqObject":{"method":"GET","path":"/","param":{},"body":{}},"resObject":{"statusCode":200}} 
2023-09-05 17:22:19 INFO  {"reqObject":{"method":"GET","path":"/","param":{},"body":{}},"resObject":{"statusCode":200}} 
2023-09-05 17:22:19 INFO  {"reqObject":{"method":"GET","path":"/","param":{},"body":{}},"resObject":{"statusCode":200}} 
2023-09-05 17:22:19 INFO  {"reqObject":{"method":"GET","path":"/","param":{},"body":{}},"resObject":{"statusCode":200}} 
2023-09-05 17:22:19 INFO  {"reqObject":{"method":"GET","path":"/","param":{},"body":{}},"resObject":{"statusCode":200}} 
2023-09-05 17:22:19 INFO  {"reqObject":{"method":"GET","path":"/","param":{},"body":{}},"resObject":{"statusCode":200}} 
2023-09-05 17:22:19 INFO  {"reqObject":{"method":"GET","path":"/","param":{},"body":{}},"resObject":{"statusCode":200}} 
2023-09-05 17:22:20 INFO  {"reqObject":{"method":"GET","path":"/","param":{},"body":{}},"resObject":{"statusCode":200}} 
2023-09-05 17:22:20 INFO  {"reqObject":{"method":"GET","path":"/","param":{},"body":{}},"resObject":{"statusCode":200}} 
2023-09-05 17:22:28 INFO  {"reqObject":{"method":"GET","path":"/","param":{},"body":{}},"resObject":{"statusCode":200}} 
2023-09-05 17:22:28 INFO  {"reqObject":{"method":"GET","path":"/","param":{},"body":{}},"resObject":{"statusCode":200}} 
2023-09-05 17:22:28 INFO  {"reqObject":{"method":"GET","path":"/","param":{},"body":{}},"resObject":{"statusCode":200}} 
2023-09-05 17:22:28 INFO  {"reqObject":{"method":"GET","path":"/","param":{},"body":{}},"resObject":{"statusCode":200}} 
2023-09-05 17:25:07 INFO  {"reqObject":{"method":"GET","path":"/","param":{},"body":{}},"resObject":{"statusCode":200}} 
2023-09-05 17:25:07 INFO  {"reqObject":{"method":"GET","path":"/","param":{},"body":{}},"resObject":{"statusCode":200}} 
2023-09-05 17:27:52 INFO  {"reqObject":{"method":"GET","path":"/","param":{},"body":{}},"resObject":{"statusCode":200}} 
2023-09-05 17:27:53 INFO  {"reqObject":{"method":"GET","path":"/","param":{},"body":{}},"resObject":{"statusCode":200}} 
2023-09-05 17:27:53 INFO  {"reqObject":{"method":"GET","path":"/","param":{},"body":{}},"resObject":{"statusCode":200}} 
2023-09-05 17:27:53 INFO  {"reqObject":{"method":"GET","path":"/","param":{},"body":{}},"resObject":{"statusCode":200}} 
2023-09-05 17:27:53 INFO  {"reqObject":{"method":"GET","path":"/","param":{},"body":{}},"resObject":{"statusCode":200}} 
2023-09-05 17:27:53 INFO  {"reqObject":{"method":"GET","path":"/","param":{},"body":{}},"resObject":{"statusCode":200}} 
2023-09-05 17:38:54 INFO  {"reqObject":{"method":"POST","path":"/","param":{},"body":{"ky":"value"}},"resObject":{"statusCode":200}} 
2023-09-05 17:39:29 INFO  {"reqObject":{"method":"POST","path":"/","param":{},"body":{"ky":"value"}},"resObject":{"statusCode":200}} 
2023-09-05 17:40:52 INFO  {"reqObject":{"method":"POST","path":"/","param":{},"body":{"key":"value"}},"resObject":{"statusCode":200}} 
